2018-10-23 16:39:33,991 [Worker-12] INFO  o.e.m.c.i.p.ProjectConfigurationManager - Update started
2018-10-23 16:39:40,039 [Worker-12] INFO  o.e.m.c.i.l.LifecycleMappingFactory - Using org.eclipse.m2e.jdt.JarLifecycleMapping lifecycle mapping for MavenProject: fi.haagahelia.course:Ohjelmistoprojekti:0.0.1-SNAPSHOT @ C:\Users\Anni\Documents\GitHub\ohjelmistoprojekti_yksi\Ohjelmistoprojekti\pom.xml.
2018-10-23 16:39:43,656 [Worker-12] INFO  o.e.m.c.i.e.AbstractTransferListenerAdapter - Downloading https://repo.maven.apache.org/maven2/mysql/mysql-connector-java/5.1.47/mysql-connector-java-5.1.47.pom
2018-10-23 16:39:43,731 [Worker-12] INFO  o.e.m.c.i.e.AbstractTransferListenerAdapter - Downloaded https://repo.maven.apache.org/maven2/mysql/mysql-connector-java/5.1.47/mysql-connector-java-5.1.47.pom
2018-10-23 16:39:44,330 [Worker-12] INFO  o.e.m.c.i.e.AbstractTransferListenerAdapter - Downloading https://repo.maven.apache.org/maven2/mysql/mysql-connector-java/5.1.47/mysql-connector-java-5.1.47.jar
2018-10-23 16:40:32,257 [Worker-12] INFO  o.e.m.c.i.e.AbstractTransferListenerAdapter - Downloaded https://repo.maven.apache.org/maven2/mysql/mysql-connector-java/5.1.47/mysql-connector-java-5.1.47.jar
2018-10-23 16:40:35,473 [Worker-12] INFO  o.e.m.j.i.AbstractJavaProjectConfigurator - Adding source folder /Ohjelmistoprojekti/src/main/java
2018-10-23 16:40:35,475 [Worker-12] INFO  o.e.m.j.i.AbstractJavaProjectConfigurator - Adding resource folder /Ohjelmistoprojekti/src/main/resources
2018-10-23 16:40:35,490 [Worker-12] INFO  o.e.m.j.i.AbstractJavaProjectConfigurator - Adding resource folder /Ohjelmistoprojekti/src/main/resources
2018-10-23 16:40:35,515 [Worker-12] INFO  o.e.m.j.i.AbstractJavaProjectConfigurator - Adding source folder /Ohjelmistoprojekti/src/test/java
2018-10-23 16:40:37,463 [Worker-5] INFO  o.e.m.c.i.embedder.EclipseLogger - Using 'UTF-8' encoding to copy filtered resources.
2018-10-23 16:40:37,474 [Worker-5] INFO  o.e.m.c.i.embedder.EclipseLogger - Copying 1 resource
2018-10-23 16:40:37,505 [Worker-5] INFO  o.e.m.c.i.embedder.EclipseLogger - Copying 0 resource
2018-10-23 16:40:37,512 [Worker-5] INFO  o.e.m.c.i.embedder.EclipseLogger - Using 'UTF-8' encoding to copy filtered resources.
2018-10-23 16:40:37,512 [Worker-5] INFO  o.e.m.c.i.embedder.EclipseLogger - skip non existing resourceDirectory C:\Users\Anni\Documents\GitHub\ohjelmistoprojekti_yksi\Ohjelmistoprojekti\src\test\resources
2018-10-23 16:40:38,230 [Worker-12] INFO  o.e.m.c.i.p.ProjectConfigurationManager - Update completed: 64 sec
2018-10-23 16:40:39,175 [Worker-4] INFO  o.e.m.c.i.embedder.EclipseLogger - Using 'UTF-8' encoding to copy filtered resources.
2018-10-23 16:40:39,182 [Worker-4] INFO  o.e.m.c.i.embedder.EclipseLogger - Copying 1 resource
2018-10-23 16:40:39,186 [Worker-4] INFO  o.e.m.c.i.embedder.EclipseLogger - Copying 0 resource
2018-10-23 16:40:39,190 [Worker-4] INFO  o.e.m.c.i.embedder.EclipseLogger - Using 'UTF-8' encoding to copy filtered resources.
2018-10-23 16:40:39,190 [Worker-4] INFO  o.e.m.c.i.embedder.EclipseLogger - skip non existing resourceDirectory C:\Users\Anni\Documents\GitHub\ohjelmistoprojekti_yksi\Ohjelmistoprojekti\src\test\resources
2018-11-08 10:05:32,128 [Worker-9] INFO  o.e.m.c.i.embedder.EclipseLogger - Using 'UTF-8' encoding to copy filtered resources.
2018-11-08 10:05:32,155 [Worker-9] INFO  o.e.m.c.i.embedder.EclipseLogger - Copying 1 resource
2018-11-08 10:05:32,198 [Worker-9] INFO  o.e.m.c.i.embedder.EclipseLogger - Copying 0 resource
2018-11-08 10:05:32,204 [Worker-9] INFO  o.e.m.c.i.embedder.EclipseLogger - Using 'UTF-8' encoding to copy filtered resources.
2018-11-08 10:05:32,204 [Worker-9] INFO  o.e.m.c.i.embedder.EclipseLogger - skip non existing resourceDirectory C:\Users\Anni\Documents\GitHub\ohjelmistoprojekti_yksi\Ohjelmistoprojekti\src\test\resources
2018-11-08 11:21:19,550 [Worker-28] INFO  o.e.m.c.i.embedder.EclipseLogger - Using 'UTF-8' encoding to copy filtered resources.
2018-11-08 11:21:19,550 [Worker-28] INFO  o.e.m.c.i.embedder.EclipseLogger - Copying 1 resource
2018-11-08 11:21:19,566 [Worker-28] INFO  o.e.m.c.i.embedder.EclipseLogger - Copying 1 resource
2018-11-08 11:21:19,581 [Worker-28] INFO  o.e.m.c.i.embedder.EclipseLogger - Using 'UTF-8' encoding to copy filtered resources.
2018-11-08 11:21:19,581 [Worker-28] INFO  o.e.m.c.i.embedder.EclipseLogger - skip non existing resourceDirectory C:\Users\Anni\Documents\GitHub\ohjelmistoprojekti_yksi\Ohjelmistoprojekti\src\test\resources
2018-11-08 11:21:33,392 [Worker-29] INFO  o.e.m.c.i.embedder.EclipseLogger - Using 'UTF-8' encoding to copy filtered resources.
2018-11-08 11:21:33,392 [Worker-29] INFO  o.e.m.c.i.embedder.EclipseLogger - Copying 0 resource
2018-11-08 11:21:33,407 [Worker-29] INFO  o.e.m.c.i.embedder.EclipseLogger - Copying 0 resource
2018-11-08 11:21:33,407 [Worker-29] INFO  o.e.m.c.i.embedder.EclipseLogger - Using 'UTF-8' encoding to copy filtered resources.
2018-11-08 11:21:33,407 [Worker-29] INFO  o.e.m.c.i.embedder.EclipseLogger - skip non existing resourceDirectory C:\Users\Anni\Documents\GitHub\ohjelmistoprojekti_yksi\Ohjelmistoprojekti\src\test\resources
